ISim log file
Running: /home/shinno/cpu/sowaka/project/hannya/HANNYA_testbench_isim_beh.exe -intstyle ise -gui -tclbatch isim.cmd -wdb /home/shinno/cpu/sowaka/project/hannya/HANNYA_testbench_isim_beh.wdb 
ISim P.49d (signature 0xfbc00daa)
----------------------------------------------------------------------
INFO:Security:50 - The XILINXD_LICENSE_FILE environment variable is set to '2100@133.11.27.150'.
INFO:Security:53 - The LM_LICENSE_FILE environment variable is not set.
WARNING:Security:43 - No license file was found in the standard Xilinx license directory.
WARNING:Security:44 - Since no license file was found,
       please run the Xilinx License Configuration Manager
       (xlcm or "Manage Xilinx Licenses")
       to assist in obtaining a license.
WARNING:Security:42 - Your software subscription period has lapsed. Your current version of Xilinx tools will continue to function, but you no longer qualify for Xilinx software updates or new releases.


----------------------------------------------------------------------
This is a Full version of ISim.
Time resolution is 1 ps
# onerror resume
# wave add /
# run 1000 ns
Simulator is doing circuit initialization process.
Finished circuit initialization process.
at 0 ps, Instance /hannya_testbench/core/HANNYA_ALU/ : Warning: There is an 'U'|'X'|'W'|'Z'|'-' in an arithmetic operand, the result will be 'X'(es).
# restart
# run all
Simulator is doing circuit initialization process.
Finished circuit initialization process.
at 5075 ns(1): Note: Block Memory Generator CORE Generator module is using a behavioral model FOR simulation which will not precisely model memory collision behavior. (/hannya_testbench/core/HANNYA_IFE/instr_BRAM/U0/native_mem_module/mem_module/).
Stopped at time : 2642005 ns : File "/home/shinno/cpu/sowaka/hannya/id.vhd" Line 1149
ISim P.49d (signature 0xfbc00daa)
----------------------------------------------------------------------
INFO:Security:50 - The XILINXD_LICENSE_FILE environment variable is set to '2100@133.11.27.150'.
INFO:Security:53 - The LM_LICENSE_FILE environment variable is not set.
WARNING:Security:43 - No license file was found in the standard Xilinx license directory.
WARNING:Security:44 - Since no license file was found,
       please run the Xilinx License Configuration Manager
       (xlcm or "Manage Xilinx Licenses")
       to assist in obtaining a license.
WARNING:Security:42 - Your software subscription period has lapsed. Your current version of Xilinx tools will continue to function, but you no longer qualify for Xilinx software updates or new releases.


----------------------------------------------------------------------
This is a Full version of ISim.
# run 1000 ns
Simulator is doing circuit initialization process.
Finished circuit initialization process.
at 0 ps, Instance /hannya_testbench/core/HANNYA_ALU/ : Warning: There is an 'U'|'X'|'W'|'Z'|'-' in an arithmetic operand, the result will be 'X'(es).
# restart
# run all
Simulator is doing circuit initialization process.
Finished circuit initialization process.
at 5075 ns(1): Note: Block Memory Generator CORE Generator module is using a behavioral model FOR simulation which will not precisely model memory collision behavior. (/hannya_testbench/core/HANNYA_IFE/instr_BRAM/U0/native_mem_module/mem_module/).
Stopped at time : 1393355 ns : File "/home/shinno/cpu/sowaka/hannya/fsqrt_pl.vhd" Line 59
ISim P.49d (signature 0xfbc00daa)
----------------------------------------------------------------------
INFO:Security:50 - The XILINXD_LICENSE_FILE environment variable is set to '2100@133.11.27.150'.
INFO:Security:53 - The LM_LICENSE_FILE environment variable is not set.
WARNING:Security:43 - No license file was found in the standard Xilinx license directory.
WARNING:Security:44 - Since no license file was found,
       please run the Xilinx License Configuration Manager
       (xlcm or "Manage Xilinx Licenses")
       to assist in obtaining a license.
WARNING:Security:42 - Your software subscription period has lapsed. Your current version of Xilinx tools will continue to function, but you no longer qualify for Xilinx software updates or new releases.


----------------------------------------------------------------------
This is a Full version of ISim.
# run 1000 ns
Simulator is doing circuit initialization process.
Finished circuit initialization process.
at 0 ps, Instance /hannya_testbench/core/HANNYA_ALU/ : Warning: There is an 'U'|'X'|'W'|'Z'|'-' in an arithmetic operand, the result will be 'X'(es).
# run all
at 5075 ns(1): Note: Block Memory Generator CORE Generator module is using a behavioral model FOR simulation which will not precisely model memory collision behavior. (/hannya_testbench/core/HANNYA_IFE/instr_BRAM/U0/native_mem_module/mem_module/).
Stopped at time : 889040 ns : File "/home/shinno/cpu/sowaka/hannya/testbench.vhd" Line 140
# restart
# run all
Simulator is doing circuit initialization process.
Finished circuit initialization process.
at 5075 ns(1): Note: Block Memory Generator CORE Generator module is using a behavioral model FOR simulation which will not precisely model memory collision behavior. (/hannya_testbench/core/HANNYA_IFE/instr_BRAM/U0/native_mem_module/mem_module/).
Stopped at time : 1459075 ns : File "/home/shinno/cpu/sowaka/hannya/conv.vhd" Line 82
ISim P.49d (signature 0xfbc00daa)
----------------------------------------------------------------------
INFO:Security:50 - The XILINXD_LICENSE_FILE environment variable is set to '2100@133.11.27.150'.
INFO:Security:53 - The LM_LICENSE_FILE environment variable is not set.
WARNING:Security:43 - No license file was found in the standard Xilinx license directory.
WARNING:Security:44 - Since no license file was found,
       please run the Xilinx License Configuration Manager
       (xlcm or "Manage Xilinx Licenses")
       to assist in obtaining a license.
WARNING:Security:42 - Your software subscription period has lapsed. Your current version of Xilinx tools will continue to function, but you no longer qualify for Xilinx software updates or new releases.


----------------------------------------------------------------------
This is a Full version of ISim.
# run 1000 ns
Simulator is doing circuit initialization process.
Finished circuit initialization process.
at 0 ps, Instance /hannya_testbench/core/HANNYA_ALU/ : Warning: There is an 'U'|'X'|'W'|'Z'|'-' in an arithmetic operand, the result will be 'X'(es).
# run all
at 5075 ns(1): Note: Block Memory Generator CORE Generator module is using a behavioral model FOR simulation which will not precisely model memory collision behavior. (/hannya_testbench/core/HANNYA_IFE/instr_BRAM/U0/native_mem_module/mem_module/).
Stopped at time : 736575 ns : File "/home/shinno/cpu/sowaka/hannya/id.vhd" Line 1169
# restart
# run all
Simulator is doing circuit initialization process.
Finished circuit initialization process.
at 5075 ns(1): Note: Block Memory Generator CORE Generator module is using a behavioral model FOR simulation which will not precisely model memory collision behavior. (/hannya_testbench/core/HANNYA_IFE/instr_BRAM/U0/native_mem_module/mem_module/).
Stopped at time : 1085225 ns : File "/home/shinno/cpu/sowaka/hannya/id.vhd" Line 1156
ISim P.49d (signature 0xfbc00daa)
----------------------------------------------------------------------
INFO:Security:50 - The XILINXD_LICENSE_FILE environment variable is set to '2100@133.11.27.150'.
INFO:Security:53 - The LM_LICENSE_FILE environment variable is not set.
WARNING:Security:43 - No license file was found in the standard Xilinx license directory.
WARNING:Security:44 - Since no license file was found,
       please run the Xilinx License Configuration Manager
       (xlcm or "Manage Xilinx Licenses")
       to assist in obtaining a license.
WARNING:Security:42 - Your software subscription period has lapsed. Your current version of Xilinx tools will continue to function, but you no longer qualify for Xilinx software updates or new releases.


----------------------------------------------------------------------
This is a Full version of ISim.
# run 1000 ns
Simulator is doing circuit initialization process.
Finished circuit initialization process.
at 0 ps, Instance /hannya_testbench/core/HANNYA_ALU/ : Warning: There is an 'U'|'X'|'W'|'Z'|'-' in an arithmetic operand, the result will be 'X'(es).
# run all
at 5075 ns(1): Note: Block Memory Generator CORE Generator module is using a behavioral model FOR simulation which will not precisely model memory collision behavior. (/hannya_testbench/core/HANNYA_IFE/instr_BRAM/U0/native_mem_module/mem_module/).
Stopped at time : 866580 ns : File "/home/shinno/cpu/sowaka/hannya/testbench.vhd" Line 140
